\BOOKMARK [0][-]{chapter.1}{\376\377\000A\000b\000o\000u\000t}{}% 1
\BOOKMARK [0][-]{chapter.2}{\376\377\000D\000a\000t\000a\000\040\000A\000n\000a\000l\000y\000s\000i\000s\000\040\000a\000n\000d\000\040\000S\000t\000a\000t\000i\000s\000t\000i\000c\000a\000l\000\040\000I\000n\000f\000e\000r\000e\000n\000c\000e}{}% 2
\BOOKMARK [1][-]{section.2.1}{\376\377\000D\000a\000t\000a\000,\000\040\000E\000x\000p\000e\000r\000i\000m\000e\000n\000t\000s\000,\000\040\000a\000n\000d\000\040\000S\000t\000u\000d\000i\000e\000s}{chapter.2}% 3
\BOOKMARK [1][-]{section.2.2}{\376\377\000D\000a\000t\000a\000\040\000S\000u\000m\000m\000a\000r\000i\000e\000s}{chapter.2}% 4
\BOOKMARK [1][-]{section.2.3}{\376\377\000S\000t\000a\000t\000i\000s\000t\000i\000c\000a\000l\000\040\000I\000n\000f\000e\000r\000e\000n\000c\000e}{chapter.2}% 5
\BOOKMARK [0][-]{chapter.3}{\376\377\000I\000n\000t\000r\000o\000d\000u\000c\000t\000i\000o\000n\000\040\000t\000o\000\040\000L\000i\000n\000e\000a\000r\000\040\000M\000o\000d\000e\000l\000s}{}% 6
\BOOKMARK [1][-]{section.3.1}{\376\377\000D\000e\000f\000i\000n\000i\000n\000g\000\040\000t\000h\000e\000\040\000l\000i\000n\000e\000a\000r\000\040\000m\000o\000d\000e\000l}{chapter.3}% 7
\BOOKMARK [1][-]{section.3.2}{\376\377\000G\000a\000u\000s\000s\000-\000M\000a\000r\000k\000o\000v\000\040\000m\000o\000d\000e\000l\000\040\000f\000o\000r\000\040\000o\000n\000e\000\040\000s\000a\000m\000p\000l\000e}{chapter.3}% 8
\BOOKMARK [1][-]{section.3.3}{\376\377\000G\000a\000u\000s\000s\000-\000M\000a\000r\000k\000o\000v\000\040\000m\000o\000d\000e\000l\000\040\000f\000o\000r\000\040\000c\000o\000m\000p\000a\000r\000i\000n\000g\000\040\000t\000w\000o\000\040\000s\000a\000m\000p\000l\000e\000s}{chapter.3}% 9
\BOOKMARK [1][-]{section.3.4}{\376\377\000P\000a\000i\000r\000w\000i\000s\000e\000\040\000t\000e\000s\000t\000i\000n\000g\000\040\000a\000n\000d\000\040\000B\000o\000n\000f\000e\000r\000r\000o\000n\000i\000\040\000c\000o\000r\000r\000e\000c\000t\000i\000o\000n}{chapter.3}% 10
\BOOKMARK [1][-]{section.3.5}{\376\377\000L\000i\000n\000e\000a\000r\000\040\000M\000o\000d\000e\000l\000s\000\040\000f\000o\000r\000\040\000m\000o\000r\000e\000\040\000t\000h\000a\000n\000\040\000t\000w\000o\000\040\000t\000r\000e\000a\000t\000m\000e\000n\000t\000s\000\040\000\050\000p\000o\000p\000u\000l\000a\000t\000i\000o\000n\000s\000\051}{chapter.3}% 11
\BOOKMARK [0][-]{chapter.4}{\376\377\000R\000a\000n\000d\000o\000m\000i\000z\000a\000t\000i\000o\000n\000\040\000a\000n\000d\000\040\000P\000e\000r\000m\000u\000t\000a\000t\000i\000o\000n\000\040\000T\000e\000s\000t\000i\000n\000g}{}% 12
\BOOKMARK [1][-]{section.4.1}{\376\377\000S\000e\000t\000u\000p}{chapter.4}% 13
\BOOKMARK [0][-]{chapter.5}{\376\377\000A\000l\000t\000e\000r\000n\000a\000t\000i\000v\000e\000s\000\040\000f\000o\000r\000\040\000N\000o\000n\000-\000N\000o\000r\000m\000a\000l\000\040\000R\000e\000s\000p\000o\000n\000s\000e\000s}{}% 14
\BOOKMARK [1][-]{section.5.1}{\376\377\000T\000r\000a\000n\000s\000f\000o\000r\000m\000a\000t\000i\000o\000n\000s}{chapter.5}% 15
\BOOKMARK [1][-]{section.5.2}{\376\377\000R\000a\000n\000k\000-\000S\000u\000m\000\040\000T\000e\000s\000t}{chapter.5}% 16
\BOOKMARK [1][-]{section.5.3}{\376\377\000S\000i\000g\000n\000e\000d\000-\000r\000a\000n\000k\000\040\000t\000e\000s\000t}{chapter.5}% 17
\BOOKMARK [1][-]{section.5.4}{\376\377\000B\000o\000o\000t\000s\000t\000r\000a\000p}{chapter.5}% 18
\BOOKMARK [0][-]{chapter.6}{\376\377\000O\000n\000e\000\040\000W\000a\000y\000\040\000A\000N\000O\000V\000A}{}% 19
\BOOKMARK [1][-]{section.6.1}{\376\377\000T\000h\000e\000\040\000G\000a\000u\000s\000s\000-\000M\000a\000r\000k\000o\000v\000\040\000M\000o\000d\000e\000l\000\040\000f\000o\000r\000\040\000c\000o\000m\000p\000a\000r\000i\000n\000g\000\040\000I\000\040\000p\000o\000p\000u\000l\000a\000t\000i\000o\000n\000s}{chapter.6}% 20
\BOOKMARK [1][-]{section.6.2}{\376\377\000T\000e\000s\000t\000i\000n\000g\000\040\000e\000q\000u\000a\000l\000i\000t\000y\000\040\000o\000f\000\040\000m\000e\000a\000n\000s}{chapter.6}% 21
\BOOKMARK [1][-]{section.6.3}{\376\377\000F\000o\000l\000l\000o\000w\000-\000u\000p\000\040\000t\000e\000s\000t\000i\000n\000g}{chapter.6}% 22
\BOOKMARK [1][-]{section.6.4}{\376\377\000I\000n\000f\000e\000r\000e\000n\000c\000e\000\040\000f\000o\000r\000\040\000p\000a\000r\000t\000i\000c\000u\000l\000a\000r\000\040\000c\000o\000n\000t\000r\000a\000s\000t\000s}{chapter.6}% 23
\BOOKMARK [1][-]{section.6.5}{\376\377\000C\000h\000e\000c\000k\000i\000n\000g\000\040\000A\000s\000s\000u\000m\000p\000t\000i\000o\000n\000s\000\040\000i\000n\000\040\000o\000n\000e\000-\000w\000a\000y\000\040\000A\000N\000O\000V\000A}{chapter.6}% 24
\BOOKMARK [0][-]{chapter.7}{\376\377\000R\000a\000n\000d\000o\000m\000i\000z\000e\000d\000\040\000C\000o\000m\000p\000l\000e\000t\000e\000\040\000B\000l\000o\000c\000k\000\040\000D\000e\000s\000i\000g\000n}{}% 25
\BOOKMARK [1][-]{section.7.1}{\376\377\000P\000a\000i\000r\000e\000d\000\040\000e\000x\000p\000e\000r\000i\000m\000e\000n\000t\000s\000\040\000a\000s\000\040\000b\000l\000o\000c\000k\000i\000n\000g}{chapter.7}% 26
\BOOKMARK [1][-]{section.7.2}{\376\377\000R\000a\000n\000d\000o\000m\000i\000z\000e\000d\000\040\000C\000o\000m\000p\000l\000e\000t\000e\000\040\000B\000l\000o\000c\000k\000\040\000D\000e\000s\000i\000g\000n\000s}{chapter.7}% 27
\BOOKMARK [0][-]{chapter.8}{\376\377\000L\000a\000t\000i\000n\000\040\000S\000q\000u\000a\000r\000e\000s\000\040\000f\000o\000r\000\040\000t\000w\000o\000\040\000b\000l\000o\000c\000k\000i\000n\000g\000\040\000v\000a\000r\000i\000a\000b\000l\000e\000s}{}% 28
\BOOKMARK [1][-]{section.8.1}{\376\377\000D\000e\000s\000i\000g\000n\000s\000\040\000f\000o\000r\000\040\000m\000u\000l\000t\000i\000p\000l\000e\000\040\000b\000l\000o\000c\000k\000s}{chapter.8}% 29
\BOOKMARK [1][-]{section.8.2}{\376\377\000M\000o\000d\000e\000l\000\040\000n\000o\000t\000a\000t\000i\000o\000n}{chapter.8}% 30
\BOOKMARK [1][-]{section.8.3}{\376\377\000S\000u\000m\000s\000\040\000o\000f\000\040\000s\000q\000u\000a\000r\000e\000s\000\040\000a\000n\000d\000\040\000t\000e\000s\000t\000\040\000f\000o\000r\000\040\000t\000r\000e\000a\000t\000m\000e\000n\000t\000\040\000e\000f\000f\000e\000c\000t\000s}{chapter.8}% 31
\BOOKMARK [1][-]{section.8.4}{\376\377\000R\000e\000l\000a\000t\000i\000v\000e\000\040\000e\000f\000f\000i\000c\000i\000e\000n\000c\000y\000\040\000o\000f\000\040\000b\000l\000o\000c\000k\000i\000n\000g}{chapter.8}% 32
\BOOKMARK [0][-]{chapter.9}{\376\377\000T\000w\000o\000-\000W\000a\000y\000\040\000A\000N\000O\000V\000A}{}% 33
\BOOKMARK [1][-]{section.9.1}{\376\377\000T\000h\000e\000\040\000M\000o\000d\000e\000l}{chapter.9}% 34
\BOOKMARK [1][-]{section.9.2}{\376\377\000T\000e\000s\000t\000s\000\040\000f\000o\000r\000\040\000i\000n\000t\000e\000r\000a\000c\000t\000i\000o\000n\000\040\000a\000n\000d\000\040\000m\000a\000i\000n\000\040\000e\000f\000f\000e\000c\000t\000s}{chapter.9}% 35
\BOOKMARK [0][-]{chapter.10}{\376\377\000U\000n\000b\000a\000l\000a\000n\000c\000e\000d\000\040\000d\000a\000t\000a\000\040\000i\000n\000\040\000T\000w\000o\000-\000W\000a\000y\000\040\000A\000N\000O\000V\000A}{}% 36
\BOOKMARK [1][-]{section.10.1}{\376\377\000R\000a\000w\000\040\000a\000n\000d\000\040\000L\000e\000a\000s\000t\000-\000S\000q\000u\000a\000r\000e\000s\000\040\000M\000e\000a\000n\000s}{chapter.10}% 37
\BOOKMARK [1][-]{section.10.2}{\376\377\000P\000a\000r\000t\000i\000a\000l\000\040\000F\000\040\000t\000e\000s\000t\000s\000\040\000a\000n\000d\000\040\000T\000y\000p\000e\000\040\000I\000I\000I\000\040\000S\000S}{chapter.10}% 38
\BOOKMARK [1][-]{section.10.3}{\376\377\000F\000o\000l\000l\000o\000w\000-\000u\000p\000\040\000t\000e\000s\000t\000s}{chapter.10}% 39
\BOOKMARK [1][-]{section.10.4}{\376\377\000U\000n\000b\000a\000l\000a\000n\000c\000e\000d\000\040\000d\000a\000t\000a\000\040\000a\000n\000d\000\040\000S\000i\000m\000p\000s\000o\000n\000'\000s\000\040\000P\000a\000r\000a\000d\000o\000x}{chapter.10}% 40
\BOOKMARK [0][-]{chapter.11}{\376\377\000M\000i\000s\000s\000i\000n\000g\000\040\000C\000e\000l\000l\000s\000\040\000i\000n\000\040\000T\000w\000o\000-\000W\000a\000y\000\040\000A\000N\000O\000V\000A}{}% 41
\BOOKMARK [1][-]{section.11.1}{\376\377\000A\000N\000O\000V\000A\000\040\000w\000i\000t\000h\000\040\000m\000i\000s\000s\000i\000n\000g\000\040\000`\000`\000a\000t\000\040\000r\000a\000n\000d\000o\000m\000'\000'\000\040\000c\000e\000l\000l}{chapter.11}% 42
\BOOKMARK [1][-]{section.11.2}{\376\377\000D\000o\000\040\000a\000n\000y\000\040\000o\000f\000\040\000t\000h\000e\000\040\000t\000r\000e\000a\000t\000m\000e\000n\000t\000s\000\040\000m\000a\000t\000t\000e\000r\000?}{chapter.11}% 43
\BOOKMARK [1][-]{section.11.3}{\376\377\000F\000i\000t\000\040\000a\000\040\000l\000i\000n\000e\000a\000r\000\040\000m\000o\000d\000e\000l\000\040\000w\000i\000t\000h\000\040\000a\000d\000d\000i\000t\000i\000o\000n\000a\000l\000\040\000c\000o\000n\000s\000t\000r\000a\000i\000n\000t\000s}{chapter.11}% 44
\BOOKMARK [1][-]{section.11.4}{\376\377\000G\000e\000n\000e\000r\000a\000l\000\040\000L\000i\000n\000e\000a\000r\000\040\000T\000e\000s\000t\000\040\000f\000o\000r\000\040\000i\000n\000t\000e\000r\000a\000c\000t\000i\000o\000n}{chapter.11}% 45
\BOOKMARK [1][-]{section.11.5}{\376\377\000P\000a\000r\000t\000i\000a\000l\000\040\000a\000n\000a\000l\000y\000s\000i\000s\000\040\000f\000o\000r\000\040\000i\000n\000t\000e\000r\000a\000c\000t\000i\000o\000n}{chapter.11}% 46
\BOOKMARK [1][-]{section.11.6}{\376\377\000T\000e\000s\000t\000s\000\040\000f\000o\000r\000\040\000m\000a\000i\000n\000\040\000e\000f\000f\000e\000c\000t\000s\000\040\000i\000n\000\040\000t\000h\000e\000\040\000p\000a\000r\000t\000i\000a\000l\000\040\000t\000a\000b\000l\000e}{chapter.11}% 47
\BOOKMARK [0][-]{chapter.12}{\376\377\000S\000t\000r\000a\000t\000e\000g\000y\000\040\000f\000o\000r\000\040\000A\000n\000a\000l\000y\000s\000i\000s\000\040\000i\000n\000\040\000T\000w\000o\000-\000F\000a\000c\000t\000o\000r\000\040\000m\000o\000d\000e\000l\000s}{}% 48
\BOOKMARK [1][-]{section.12.1}{\376\377\000U\000n\000b\000a\000l\000a\000n\000c\000e\000d\000\040\000T\000w\000o\000-\000F\000a\000c\000t\000o\000r\000\040\000E\000x\000p\000e\000r\000i\000m\000e\000n\000t\000:\000\040\000C\000h\000i\000c\000k\000\040\000W\000e\000i\000g\000h\000t}{chapter.12}% 49
\BOOKMARK [1][-]{section.12.2}{\376\377\000E\000x\000a\000m\000p\000l\000e\000:\000\040\000o\000b\000s\000e\000r\000v\000a\000t\000i\000o\000n\000a\000l\000\040\000s\000t\000u\000d\000y\000\040\000o\000n\000\040\000g\000r\000o\000w\000t\000h\000-\000h\000o\000r\000m\000o\000n\000e\000\040\000d\000e\000f\000i\000c\000i\000e\000n\000t\000\040\000c\000h\000i\000l\000d\000r\000e\000n\000\040\000w\000i\000t\000h\000\040\000e\000m\000p\000t\000y\000\040\000c\000e\000l\000l}{chapter.12}% 50
\BOOKMARK [0][-]{chapter.13}{\376\377\0002\000\136\000k\000\040\000F\000a\000c\000t\000o\000r\000i\000a\000l\000\040\000E\000x\000p\000e\000r\000i\000m\000e\000n\000t\000s}{}% 51
\BOOKMARK [1][-]{section.13.1}{\376\377\000T\000h\000e\000\040\000M\000o\000d\000e\000l}{chapter.13}% 52
\BOOKMARK [1][-]{section.13.2}{\376\377\000U\000n\000r\000e\000p\000l\000i\000c\000a\000t\000e\000d\000\040\000F\000a\000c\000t\000o\000r\000i\000a\000l\000\040\000E\000x\000p\000e\000r\000i\000m\000e\000n\000t\000s}{chapter.13}% 53
\BOOKMARK [0][-]{chapter.14}{\376\377\000L\000i\000n\000e\000a\000r\000\040\000R\000e\000g\000r\000e\000s\000s\000i\000o\000n}{}% 54
\BOOKMARK [1][-]{section.14.1}{\376\377\000D\000i\000a\000m\000o\000n\000d\000s\000\040\000d\000a\000t\000a\000s\000e\000t}{chapter.14}% 55
\BOOKMARK [1][-]{section.14.2}{\376\377\000C\000h\000e\000c\000k\000i\000n\000g\000\040\000L\000i\000n\000e\000a\000r\000i\000t\000y}{chapter.14}% 56
\BOOKMARK [1][-]{section.14.3}{\376\377\000M\000u\000l\000t\000i\000c\000o\000l\000l\000i\000n\000e\000a\000r\000i\000t\000y}{chapter.14}% 57
\BOOKMARK [1][-]{section.14.4}{\376\377\000M\000o\000d\000e\000l\000\040\000w\000i\000t\000h\000\040\000c\000a\000r\000a\000t\000\040\000i\000n\000t\000e\000r\000a\000c\000t\000i\000o\000n\000s}{chapter.14}% 58
\BOOKMARK [1][-]{section.14.5}{\376\377\000I\000n\000t\000e\000r\000p\000r\000e\000t\000i\000n\000g\000\040\000t\000h\000e\000\040\000m\000o\000d\000e\000l}{chapter.14}% 59
\BOOKMARK [1][-]{section.14.6}{\376\377\000C\000h\000e